2026-05-28 15:11:44 [error]: DB connection error: querySrv ECONNREFUSED _mongodb._tcp.mongodb-test.mongodb.net - Error: querySrv ECONNREFUSED _mongodb._tcp.mongodb-test.mongodb.net
    at QueryReqWrap.onresolve [as oncomplete] (node:internal/dns/promises:294:17)
2026-05-28 15:33:42 [error]: DB connection error: querySrv ECONNREFUSED _mongodb._tcp.mongodb-test.mongodb.net - Error: querySrv ECONNREFUSED _mongodb._tcp.mongodb-test.mongodb.net
    at QueryReqWrap.onresolve [as oncomplete] (node:internal/dns/promises:294:17)
2026-05-28 15:37:01 [error]: DB connection error: querySrv ECONNREFUSED _mongodb._tcp.mongodb-test.mongodb.net - Error: querySrv ECONNREFUSED _mongodb._tcp.mongodb-test.mongodb.net
    at QueryReqWrap.onresolve [as oncomplete] (node:internal/dns/promises:294:17)
2026-05-29 16:49:31 [error]: DB connection error: querySrv ECONNREFUSED _mongodb._tcp.billing-system.j1yrr.mongodb.net - Error: querySrv ECONNREFUSED _mongodb._tcp.billing-system.j1yrr.mongodb.net
    at QueryReqWrap.onresolve [as oncomplete] (node:internal/dns/promises:294:17)
2026-05-29 16:49:36 [error]: DB connection error: querySrv ECONNREFUSED _mongodb._tcp.billing-system.j1yrr.mongodb.net - Error: querySrv ECONNREFUSED _mongodb._tcp.billing-system.j1yrr.mongodb.net
    at QueryReqWrap.onresolve [as oncomplete] (node:internal/dns/promises:294:17)
2026-05-29 17:01:19 [error]: DB connection error: querySrv ECONNREFUSED _mongodb._tcp.billing-system.j1yrr.mongodb.net - Error: querySrv ECONNREFUSED _mongodb._tcp.billing-system.j1yrr.mongodb.net
    at QueryReqWrap.onresolve [as oncomplete] (node:internal/dns/promises:294:17)
2026-05-29 17:02:28 [error]: DB connection error: querySrv ECONNREFUSED _mongodb._tcp.billing-system.j1yrr.mongodb.net - Error: querySrv ECONNREFUSED _mongodb._tcp.billing-system.j1yrr.mongodb.net
    at QueryReqWrap.onresolve [as oncomplete] (node:internal/dns/promises:294:17)
2026-05-29 17:09:10 [error]: DB connection error: querySrv ECONNREFUSED _mongodb._tcp.billing-system.j1yrr.mongodb.net - Error: querySrv ECONNREFUSED _mongodb._tcp.billing-system.j1yrr.mongodb.net
    at QueryReqWrap.onresolve [as oncomplete] (node:internal/dns/promises:294:17)
2026-05-29 17:13:04 [error]: DB connection error: querySrv ECONNREFUSED _mongodb._tcp.billing-system.j1yrr.mongodb.net - Error: querySrv ECONNREFUSED _mongodb._tcp.billing-system.j1yrr.mongodb.net
    at QueryReqWrap.onresolve [as oncomplete] (node:internal/dns/promises:294:17)
2026-06-01 08:17:09 [error]: DB connection error: querySrv ECONNREFUSED _mongodb._tcp.billing-system.j1yrr.mongodb.net - Error: querySrv ECONNREFUSED _mongodb._tcp.billing-system.j1yrr.mongodb.net
    at QueryReqWrap.onresolve [as oncomplete] (node:internal/dns/promises:294:17)
2026-06-01 08:18:11 [error]: DB connection error: querySrv ECONNREFUSED _mongodb._tcp.billing-system.j1yrr.mongodb.net - Error: querySrv ECONNREFUSED _mongodb._tcp.billing-system.j1yrr.mongodb.net
    at QueryReqWrap.onresolve [as oncomplete] (node:internal/dns/promises:294:17)
2026-06-01 08:19:24 [error]: DB connection error: querySrv ECONNREFUSED _mongodb._tcp.billing-system.j1yrr.mongodb.net - Error: querySrv ECONNREFUSED _mongodb._tcp.billing-system.j1yrr.mongodb.net
    at QueryReqWrap.onresolve [as oncomplete] (node:internal/dns/promises:294:17)
2026-06-01 08:20:12 [error]: DB connection error: querySrv ECONNREFUSED _mongodb._tcp.billing-system.j1yrr.mongodb.net - Error: querySrv ECONNREFUSED _mongodb._tcp.billing-system.j1yrr.mongodb.net
    at QueryReqWrap.onresolve [as oncomplete] (node:internal/dns/promises:294:17)
2026-06-01 08:22:03 [error]: DB connection error: querySrv ECONNREFUSED _mongodb._tcp.billing-system.j1yrr.mongodb.net - Error: querySrv ECONNREFUSED _mongodb._tcp.billing-system.j1yrr.mongodb.net
    at QueryReqWrap.onresolve [as oncomplete] (node:internal/dns/promises:294:17)
2026-06-01 08:22:10 [error]: DB connection error: querySrv ECONNREFUSED _mongodb._tcp.billing-system.j1yrr.mongodb.net - Error: querySrv ECONNREFUSED _mongodb._tcp.billing-system.j1yrr.mongodb.net
    at QueryReqWrap.onresolve [as oncomplete] (node:internal/dns/promises:294:17)
2026-06-01 08:22:12 [error]: DB connection error: querySrv ECONNREFUSED _mongodb._tcp.billing-system.j1yrr.mongodb.net - Error: querySrv ECONNREFUSED _mongodb._tcp.billing-system.j1yrr.mongodb.net
    at QueryReqWrap.onresolve [as oncomplete] (node:internal/dns/promises:294:17)
2026-06-01 08:22:24 [error]: DB connection error: querySrv ECONNREFUSED _mongodb._tcp.billing-system.j1yrr.mongodb.net - Error: querySrv ECONNREFUSED _mongodb._tcp.billing-system.j1yrr.mongodb.net
    at QueryReqWrap.onresolve [as oncomplete] (node:internal/dns/promises:294:17)
2026-06-02 11:56:13 [error]: DB connection error: Could not connect to any servers in your MongoDB Atlas cluster. One common reason is that you're trying to access the database from an IP that isn't whitelisted. Make sure your current IP address is on your Atlas cluster's IP whitelist: https://www.mongodb.com/docs/atlas/security-whitelist/ - MongooseServerSelectionError: Could not connect to any servers in your MongoDB Atlas cluster. One common reason is that you're trying to access the database from an IP that isn't whitelisted. Make sure your current IP address is on your Atlas cluster's IP whitelist: https://www.mongodb.com/docs/atlas/security-whitelist/
    at _handleConnectionErrors (C:\Users\lbrdc\OneDrive\Desktop\billing-system\backend\node_modules\mongoose\lib\connection.js:1180:11)
    at NativeConnection.openUri (C:\Users\lbrdc\OneDrive\Desktop\billing-system\backend\node_modules\mongoose\lib\connection.js:1111:11)
2026-06-02 11:59:30 [error]: Unhandled Error Cannot read properties of undefined (reading 'data') - TypeError: Cannot read properties of undefined (reading 'data')
    at addToTable (file:///C:/Users/lbrdc/OneDrive/Desktop/billing-system/backend/utils/graphClient.js:399:36)
    at Layer.handleRequest (C:\Users\lbrdc\OneDrive\Desktop\billing-system\backend\node_modules\router\lib\layer.js:152:17)
    at next (C:\Users\lbrdc\OneDrive\Desktop\billing-system\backend\node_modules\router\lib\route.js:157:13)
    at Route.dispatch (C:\Users\lbrdc\OneDrive\Desktop\billing-system\backend\node_modules\router\lib\route.js:117:3)
    at handle (C:\Users\lbrdc\OneDrive\Desktop\billing-system\backend\node_modules\router\index.js:435:11)
    at Layer.handleRequest (C:\Users\lbrdc\OneDrive\Desktop\billing-system\backend\node_modules\router\lib\layer.js:152:17)
    at C:\Users\lbrdc\OneDrive\Desktop\billing-system\backend\node_modules\router\index.js:295:15
    at param (C:\Users\lbrdc\OneDrive\Desktop\billing-system\backend\node_modules\router\index.js:600:14)
    at param (C:\Users\lbrdc\OneDrive\Desktop\billing-system\backend\node_modules\router\index.js:610:14)
    at processParams (C:\Users\lbrdc\OneDrive\Desktop\billing-system\backend\node_modules\router\index.js:664:3)
2026-06-24 14:34:15 [error]: Unhandled Error Cannot read properties of undefined (reading 'map') - TypeError: Cannot read properties of undefined (reading 'map')
    at file:///C:/Users/lbrdc/OneDrive/Desktop/billing-system/backend/middleware/validate.middleware.js:29:45
    at Layer.handleRequest (C:\Users\lbrdc\OneDrive\Desktop\billing-system\backend\node_modules\router\lib\layer.js:152:17)
    at next (C:\Users\lbrdc\OneDrive\Desktop\billing-system\backend\node_modules\router\lib\route.js:157:13)
    at file:///C:/Users/lbrdc/OneDrive/Desktop/billing-system/backend/middleware/validateObjectId.middleware.js:32:9
    at Layer.handleRequest (C:\Users\lbrdc\OneDrive\Desktop\billing-system\backend\node_modules\router\lib\layer.js:152:17)
    at next (C:\Users\lbrdc\OneDrive\Desktop\billing-system\backend\node_modules\router\lib\route.js:157:13)
    at Route.dispatch (C:\Users\lbrdc\OneDrive\Desktop\billing-system\backend\node_modules\router\lib\route.js:117:3)
    at handle (C:\Users\lbrdc\OneDrive\Desktop\billing-system\backend\node_modules\router\index.js:435:11)
    at Layer.handleRequest (C:\Users\lbrdc\OneDrive\Desktop\billing-system\backend\node_modules\router\lib\layer.js:152:17)
    at C:\Users\lbrdc\OneDrive\Desktop\billing-system\backend\node_modules\router\index.js:295:15
2026-06-24 14:35:47 [error]: Unhandled Error Cannot read properties of undefined (reading 'map') - TypeError: Cannot read properties of undefined (reading 'map')
    at file:///C:/Users/lbrdc/OneDrive/Desktop/billing-system/backend/middleware/validate.middleware.js:29:45
    at Layer.handleRequest (C:\Users\lbrdc\OneDrive\Desktop\billing-system\backend\node_modules\router\lib\layer.js:152:17)
    at next (C:\Users\lbrdc\OneDrive\Desktop\billing-system\backend\node_modules\router\lib\route.js:157:13)
    at file:///C:/Users/lbrdc/OneDrive/Desktop/billing-system/backend/middleware/validateObjectId.middleware.js:32:9
    at Layer.handleRequest (C:\Users\lbrdc\OneDrive\Desktop\billing-system\backend\node_modules\router\lib\layer.js:152:17)
    at next (C:\Users\lbrdc\OneDrive\Desktop\billing-system\backend\node_modules\router\lib\route.js:157:13)
    at Route.dispatch (C:\Users\lbrdc\OneDrive\Desktop\billing-system\backend\node_modules\router\lib\route.js:117:3)
    at handle (C:\Users\lbrdc\OneDrive\Desktop\billing-system\backend\node_modules\router\index.js:435:11)
    at Layer.handleRequest (C:\Users\lbrdc\OneDrive\Desktop\billing-system\backend\node_modules\router\lib\layer.js:152:17)
    at C:\Users\lbrdc\OneDrive\Desktop\billing-system\backend\node_modules\router\index.js:295:15
2026-06-24 14:36:34 [error]: Unhandled Error error.map is not a function - TypeError: error.map is not a function
    at file:///C:/Users/lbrdc/OneDrive/Desktop/billing-system/backend/middleware/validate.middleware.js:29:38
    at Layer.handleRequest (C:\Users\lbrdc\OneDrive\Desktop\billing-system\backend\node_modules\router\lib\layer.js:152:17)
    at next (C:\Users\lbrdc\OneDrive\Desktop\billing-system\backend\node_modules\router\lib\route.js:157:13)
    at file:///C:/Users/lbrdc/OneDrive/Desktop/billing-system/backend/middleware/validateObjectId.middleware.js:32:9
    at Layer.handleRequest (C:\Users\lbrdc\OneDrive\Desktop\billing-system\backend\node_modules\router\lib\layer.js:152:17)
    at next (C:\Users\lbrdc\OneDrive\Desktop\billing-system\backend\node_modules\router\lib\route.js:157:13)
    at Route.dispatch (C:\Users\lbrdc\OneDrive\Desktop\billing-system\backend\node_modules\router\lib\route.js:117:3)
    at handle (C:\Users\lbrdc\OneDrive\Desktop\billing-system\backend\node_modules\router\index.js:435:11)
    at Layer.handleRequest (C:\Users\lbrdc\OneDrive\Desktop\billing-system\backend\node_modules\router\lib\layer.js:152:17)
    at C:\Users\lbrdc\OneDrive\Desktop\billing-system\backend\node_modules\router\index.js:295:15
2026-06-24 14:37:16 [error]: Unhandled Error Cannot read properties of undefined (reading 'map') - TypeError: Cannot read properties of undefined (reading 'map')
    at file:///C:/Users/lbrdc/OneDrive/Desktop/billing-system/backend/middleware/validate.middleware.js:29:45
    at Layer.handleRequest (C:\Users\lbrdc\OneDrive\Desktop\billing-system\backend\node_modules\router\lib\layer.js:152:17)
    at next (C:\Users\lbrdc\OneDrive\Desktop\billing-system\backend\node_modules\router\lib\route.js:157:13)
    at file:///C:/Users/lbrdc/OneDrive/Desktop/billing-system/backend/middleware/validateObjectId.middleware.js:32:9
    at Layer.handleRequest (C:\Users\lbrdc\OneDrive\Desktop\billing-system\backend\node_modules\router\lib\layer.js:152:17)
    at next (C:\Users\lbrdc\OneDrive\Desktop\billing-system\backend\node_modules\router\lib\route.js:157:13)
    at Route.dispatch (C:\Users\lbrdc\OneDrive\Desktop\billing-system\backend\node_modules\router\lib\route.js:117:3)
    at handle (C:\Users\lbrdc\OneDrive\Desktop\billing-system\backend\node_modules\router\index.js:435:11)
    at Layer.handleRequest (C:\Users\lbrdc\OneDrive\Desktop\billing-system\backend\node_modules\router\lib\layer.js:152:17)
    at C:\Users\lbrdc\OneDrive\Desktop\billing-system\backend\node_modules\router\index.js:295:15
2026-07-17 08:43:17 [error]: Unhandled Error Cannot read properties of undefined (reading 'map') - TypeError: Cannot read properties of undefined (reading 'map')
    at file:///C:/Users/lbrdc/OneDrive/Desktop/billing-system/backend/middleware/validate.middleware.js:29:45
    at Layer.handleRequest (C:\Users\lbrdc\OneDrive\Desktop\billing-system\backend\node_modules\router\lib\layer.js:152:17)
    at next (C:\Users\lbrdc\OneDrive\Desktop\billing-system\backend\node_modules\router\lib\route.js:157:13)
    at file:///C:/Users/lbrdc/OneDrive/Desktop/billing-system/backend/node_modules/express-rate-limit/dist/index.mjs:970:7
    at process.processTicksAndRejections (node:internal/process/task_queues:104:5)
    at async file:///C:/Users/lbrdc/OneDrive/Desktop/billing-system/backend/node_modules/express-rate-limit/dist/index.mjs:825:5
