2026-05-29 16:01:16 [error]: uncaughtException: crypto.randomBytes is not a function
TypeError: crypto.randomBytes is not a function
    at file:///C:/Users/lbrdc/OneDrive/Desktop/billing-system/backend/index.js:17:26
    at ModuleJob.run (node:internal/modules/esm/module_job:439:25)
    at process.processTicksAndRejections (node:internal/process/task_queues:104:5)
    at async node:internal/modules/esm/loader:633:26
    at async asyncRunEntryPointWithESMLoader (node:internal/modules/run_main:101:5) - TypeError: crypto.randomBytes is not a function
    at file:///C:/Users/lbrdc/OneDrive/Desktop/billing-system/backend/index.js:17:26
    at ModuleJob.run (node:internal/modules/esm/module_job:439:25)
    at process.processTicksAndRejections (node:internal/process/task_queues:104:5)
    at async node:internal/modules/esm/loader:633:26
    at async asyncRunEntryPointWithESMLoader (node:internal/modules/run_main:101:5)
2026-05-29 16:01:26 [error]: uncaughtException: crypto.randomBytes is not a function
TypeError: crypto.randomBytes is not a function
    at file:///C:/Users/lbrdc/OneDrive/Desktop/billing-system/backend/index.js:17:26
    at ModuleJob.run (node:internal/modules/esm/module_job:439:25)
    at process.processTicksAndRejections (node:internal/process/task_queues:104:5)
    at async node:internal/modules/esm/loader:633:26
    at async asyncRunEntryPointWithESMLoader (node:internal/modules/run_main:101:5) - TypeError: crypto.randomBytes is not a function
    at file:///C:/Users/lbrdc/OneDrive/Desktop/billing-system/backend/index.js:17:26
    at ModuleJob.run (node:internal/modules/esm/module_job:439:25)
    at process.processTicksAndRejections (node:internal/process/task_queues:104:5)
    at async node:internal/modules/esm/loader:633:26
    at async asyncRunEntryPointWithESMLoader (node:internal/modules/run_main:101:5)
2026-05-29 16:03:31 [error]: uncaughtException: crypto.randomBytes is not a function
TypeError: crypto.randomBytes is not a function
    at file:///C:/Users/lbrdc/OneDrive/Desktop/billing-system/backend/index.js:17:26
    at ModuleJob.run (node:internal/modules/esm/module_job:439:25)
    at process.processTicksAndRejections (node:internal/process/task_queues:104:5)
    at async node:internal/modules/esm/loader:633:26
    at async asyncRunEntryPointWithESMLoader (node:internal/modules/run_main:101:5) - TypeError: crypto.randomBytes is not a function
    at file:///C:/Users/lbrdc/OneDrive/Desktop/billing-system/backend/index.js:17:26
    at ModuleJob.run (node:internal/modules/esm/module_job:439:25)
    at process.processTicksAndRejections (node:internal/process/task_queues:104:5)
    at async node:internal/modules/esm/loader:633:26
    at async asyncRunEntryPointWithESMLoader (node:internal/modules/run_main:101:5)
2026-05-29 16:49:10 [error]: uncaughtException: crypto.randomBytes is not a function
TypeError: crypto.randomBytes is not a function
    at file:///C:/Users/lbrdc/OneDrive/Desktop/billing-system/backend/index.js:17:26
    at ModuleJob.run (node:internal/modules/esm/module_job:439:25)
    at async node:internal/modules/esm/loader:633:26
    at async asyncRunEntryPointWithESMLoader (node:internal/modules/run_main:101:5) - TypeError: crypto.randomBytes is not a function
    at file:///C:/Users/lbrdc/OneDrive/Desktop/billing-system/backend/index.js:17:26
    at ModuleJob.run (node:internal/modules/esm/module_job:439:25)
    at async node:internal/modules/esm/loader:633:26
    at async asyncRunEntryPointWithESMLoader (node:internal/modules/run_main:101:5)
2026-06-01 08:22:26 [error]: uncaughtException: The "servers" argument must be an instance of Array. Received undefined
TypeError [ERR_INVALID_ARG_TYPE]: The "servers" argument must be an instance of Array. Received undefined
    at Resolver.setServers (node:internal/dns/utils:106:5)
    at Object.defaultResolverSetServers [as setServers] (node:dns:312:12)
    at file:///C:/Users/lbrdc/OneDrive/Desktop/billing-system/backend/index.js:17:5
    at ModuleJob.run (node:internal/modules/esm/module_job:439:25)
    at process.processTicksAndRejections (node:internal/process/task_queues:104:5)
    at async node:internal/modules/esm/loader:633:26
    at async asyncRunEntryPointWithESMLoader (node:internal/modules/run_main:101:5) - TypeError [ERR_INVALID_ARG_TYPE]: The "servers" argument must be an instance of Array. Received undefined
    at Resolver.setServers (node:internal/dns/utils:106:5)
    at Object.defaultResolverSetServers [as setServers] (node:dns:312:12)
    at file:///C:/Users/lbrdc/OneDrive/Desktop/billing-system/backend/index.js:17:5
    at ModuleJob.run (node:internal/modules/esm/module_job:439:25)
    at process.processTicksAndRejections (node:internal/process/task_queues:104:5)
    at async node:internal/modules/esm/loader:633:26
    at async asyncRunEntryPointWithESMLoader (node:internal/modules/run_main:101:5)
2026-06-01 08:22:28 [error]: uncaughtException: Invalid IP address: 
TypeError [ERR_INVALID_IP_ADDRESS]: Invalid IP address: 
    at node:internal/dns/utils:147:13
    at Array.forEach (<anonymous>)
    at Resolver.setServers (node:internal/dns/utils:112:5)
    at Object.defaultResolverSetServers [as setServers] (node:dns:312:12)
    at file:///C:/Users/lbrdc/OneDrive/Desktop/billing-system/backend/index.js:17:5
    at ModuleJob.run (node:internal/modules/esm/module_job:439:25)
    at process.processTicksAndRejections (node:internal/process/task_queues:104:5)
    at async node:internal/modules/esm/loader:633:26
    at async asyncRunEntryPointWithESMLoader (node:internal/modules/run_main:101:5) - TypeError [ERR_INVALID_IP_ADDRESS]: Invalid IP address: 
    at node:internal/dns/utils:147:13
    at Array.forEach (<anonymous>)
    at Resolver.setServers (node:internal/dns/utils:112:5)
    at Object.defaultResolverSetServers [as setServers] (node:dns:312:12)
    at file:///C:/Users/lbrdc/OneDrive/Desktop/billing-system/backend/index.js:17:5
    at ModuleJob.run (node:internal/modules/esm/module_job:439:25)
    at process.processTicksAndRejections (node:internal/process/task_queues:104:5)
    at async node:internal/modules/esm/loader:633:26
    at async asyncRunEntryPointWithESMLoader (node:internal/modules/run_main:101:5)
2026-06-01 08:22:31 [error]: uncaughtException: Invalid IP address: 8
TypeError [ERR_INVALID_IP_ADDRESS]: Invalid IP address: 8
    at node:internal/dns/utils:147:13
    at Array.forEach (<anonymous>)
    at Resolver.setServers (node:internal/dns/utils:112:5)
    at Object.defaultResolverSetServers [as setServers] (node:dns:312:12)
    at file:///C:/Users/lbrdc/OneDrive/Desktop/billing-system/backend/index.js:17:5
    at ModuleJob.run (node:internal/modules/esm/module_job:439:25)
    at process.processTicksAndRejections (node:internal/process/task_queues:104:5)
    at async node:internal/modules/esm/loader:633:26
    at async asyncRunEntryPointWithESMLoader (node:internal/modules/run_main:101:5) - TypeError [ERR_INVALID_IP_ADDRESS]: Invalid IP address: 8
    at node:internal/dns/utils:147:13
    at Array.forEach (<anonymous>)
    at Resolver.setServers (node:internal/dns/utils:112:5)
    at Object.defaultResolverSetServers [as setServers] (node:dns:312:12)
    at file:///C:/Users/lbrdc/OneDrive/Desktop/billing-system/backend/index.js:17:5
    at ModuleJob.run (node:internal/modules/esm/module_job:439:25)
    at process.processTicksAndRejections (node:internal/process/task_queues:104:5)
    at async node:internal/modules/esm/loader:633:26
    at async asyncRunEntryPointWithESMLoader (node:internal/modules/run_main:101:5)
2026-06-01 08:22:47 [error]: uncaughtException: Invalid IP address: 8.8.
TypeError [ERR_INVALID_IP_ADDRESS]: Invalid IP address: 8.8.
    at node:internal/dns/utils:147:13
    at Array.forEach (<anonymous>)
    at Resolver.setServers (node:internal/dns/utils:112:5)
    at Object.defaultResolverSetServers [as setServers] (node:dns:312:12)
    at file:///C:/Users/lbrdc/OneDrive/Desktop/billing-system/backend/index.js:17:5
    at ModuleJob.run (node:internal/modules/esm/module_job:439:25)
    at process.processTicksAndRejections (node:internal/process/task_queues:104:5)
    at async node:internal/modules/esm/loader:633:26
    at async asyncRunEntryPointWithESMLoader (node:internal/modules/run_main:101:5) - TypeError [ERR_INVALID_IP_ADDRESS]: Invalid IP address: 8.8.
    at node:internal/dns/utils:147:13
    at Array.forEach (<anonymous>)
    at Resolver.setServers (node:internal/dns/utils:112:5)
    at Object.defaultResolverSetServers [as setServers] (node:dns:312:12)
    at file:///C:/Users/lbrdc/OneDrive/Desktop/billing-system/backend/index.js:17:5
    at ModuleJob.run (node:internal/modules/esm/module_job:439:25)
    at process.processTicksAndRejections (node:internal/process/task_queues:104:5)
    at async node:internal/modules/esm/loader:633:26
    at async asyncRunEntryPointWithESMLoader (node:internal/modules/run_main:101:5)
2026-06-01 08:22:48 [error]: uncaughtException: Invalid IP address: 8.8.4.4.
TypeError [ERR_INVALID_IP_ADDRESS]: Invalid IP address: 8.8.4.4.
    at node:internal/dns/utils:147:13
    at Array.forEach (<anonymous>)
    at Resolver.setServers (node:internal/dns/utils:112:5)
    at Object.defaultResolverSetServers [as setServers] (node:dns:312:12)
    at file:///C:/Users/lbrdc/OneDrive/Desktop/billing-system/backend/index.js:17:5
    at ModuleJob.run (node:internal/modules/esm/module_job:439:25)
    at process.processTicksAndRejections (node:internal/process/task_queues:104:5)
    at async node:internal/modules/esm/loader:633:26
    at async asyncRunEntryPointWithESMLoader (node:internal/modules/run_main:101:5) - TypeError [ERR_INVALID_IP_ADDRESS]: Invalid IP address: 8.8.4.4.
    at node:internal/dns/utils:147:13
    at Array.forEach (<anonymous>)
    at Resolver.setServers (node:internal/dns/utils:112:5)
    at Object.defaultResolverSetServers [as setServers] (node:dns:312:12)
    at file:///C:/Users/lbrdc/OneDrive/Desktop/billing-system/backend/index.js:17:5
    at ModuleJob.run (node:internal/modules/esm/module_job:439:25)
    at process.processTicksAndRejections (node:internal/process/task_queues:104:5)
    at async node:internal/modules/esm/loader:633:26
    at async asyncRunEntryPointWithESMLoader (node:internal/modules/run_main:101:5)
